[debug] [2025-07-14T11:52:20.643Z] ----------------------------------------------------------------------
[debug] [2025-07-14T11:52:20.645Z] Command:       C:\Program Files\nodejs\node.exe C:\Users\hp\AppData\Roaming\npm\node_modules\firebase-tools\lib\bin\firebase.js init
[debug] [2025-07-14T11:52:20.645Z] CLI Version:   14.10.1
[debug] [2025-07-14T11:52:20.646Z] Platform:      win32
[debug] [2025-07-14T11:52:20.646Z] Node Version:  v20.19.0
[debug] [2025-07-14T11:52:20.646Z] Time:          Mon Jul 14 2025 17:22:20 GMT+0530 (India Standard Time)
[debug] [2025-07-14T11:52:20.646Z] ----------------------------------------------------------------------
[debug] 
[debug] [2025-07-14T11:52:20.647Z] >>> [apiv2][query] GET https://firebase-public.firebaseio.com/cli.json [none]
[debug] [2025-07-14T11:52:20.679Z] > command requires scopes: ["email","openid","https://www.googleapis.com/auth/cloudplatformprojects.readonly","https://www.googleapis.com/auth/firebase","https://www.googleapis.com/auth/cloud-platform"]
[debug] [2025-07-14T11:52:20.679Z] > authorizing via signed-in user (amanlearn13@gmail.com)
[info] 
     ######## #### ########  ######## ########     ###     ######  ########
     ##        ##  ##     ## ##       ##     ##  ##   ##  ##       ##
     ######    ##  ########  ######   ########  #########  ######  ######
     ##        ##  ##    ##  ##       ##     ## ##     ##       ## ##
     ##       #### ##     ## ######## ########  ##     ##  ######  ########

You're about to initialize a Firebase project in this directory:

  C:\Users\hp\accomplished-ai-app

[debug] [2025-07-14T11:52:21.522Z] <<< [apiv2][status] GET https://firebase-public.firebaseio.com/cli.json 200
[debug] [2025-07-14T11:52:21.524Z] <<< [apiv2][body] GET https://firebase-public.firebaseio.com/cli.json {"cloudBuildErrorAfter":1594252800000,"cloudBuildWarnAfter":1590019200000,"defaultNode10After":1594252800000,"minVersion":"3.0.5","node8DeploysDisabledAfter":1613390400000,"node8RuntimeDisabledAfter":1615809600000,"node8WarnAfter":1600128000000}
